<?xml version="1.0" encoding="UTF-8"?>
<!-- Generated by org.testng.reporters.JUnitReportReporter -->
<testsuite hostname="dmhuy" name="demo.Demo1" tests="1" failures="0" timestamp="18 May 2017 04:37:28 GMT" time="46.613" errors="0">
  <testcase name="googleCheeseExample" time="46.613" classname="demo.Demo1"/>
</testsuite> <!-- demo.Demo1 -->
