<?xml version="1.0" encoding="UTF-8"?>
<!-- Generated by org.testng.reporters.JUnitReportReporter -->
<testsuite hostname="dmhuy" name="demo.Demo1" tests="1" failures="0" timestamp="16 May 2017 07:12:50 GMT" time="42.566" errors="0">
  <testcase name="googleCheeseExample" time="42.566" classname="demo.Demo1"/>
</testsuite> <!-- demo.Demo1 -->
