<?xml version="1.0" encoding="UTF-8"?>
<!-- Generated by org.testng.reporters.JUnitReportReporter -->
<testsuite hostname="dmhuy" name="demo.Demo1" tests="1" failures="0" timestamp="16 May 2017 04:20:14 GMT" time="48.069" errors="0">
  <testcase name="googleCheeseExample" time="48.069" classname="demo.Demo1"/>
</testsuite> <!-- demo.Demo1 -->
