<?xml version="1.0" encoding="UTF-8"?>
<!-- Generated by org.testng.reporters.JUnitReportReporter -->
<testsuite hostname="dmhuy" name="demo.Demo1" tests="1" failures="0" timestamp="16 May 2017 04:25:27 GMT" time="49.601" errors="0">
  <testcase name="googleCheeseExample" time="49.601" classname="demo.Demo1"/>
</testsuite> <!-- demo.Demo1 -->
