<?xml version="1.0" encoding="UTF-8"?>
<!-- Generated by org.testng.reporters.JUnitReportReporter -->
<testsuite hostname="dmhuy" name="demo.DemoSikuli" tests="1" failures="0" timestamp="30 Mar 2017 04:16:11 GMT" time="0.018" errors="0">
  <testcase name="openGoogle" time="0.018" classname="demo.DemoSikuli"/>
</testsuite> <!-- demo.DemoSikuli -->
