<?xml version="1.0" encoding="UTF-8"?>
<!-- Generated by org.testng.reporters.JUnitReportReporter -->
<testsuite hostname="dmhuy" name="demo.sikuli1" tests="1" failures="0" timestamp="30 Mar 2017 06:11:56 GMT" time="2.122" errors="1">
  <testcase name="demoSikuli" time="2.122" classname="demo.sikuli1">
    <error type="java.lang.UnsatisfiedLinkError" message="C:\Program Files\Java\jdk1.8.0_112\jre\bin\jniopencv_core.dll: Can&#039;t find dependent libraries">
      <![CDATA[java.lang.UnsatisfiedLinkError: C:\Program Files\Java\jdk1.8.0_112\jre\bin\jniopencv_core.dll: Can't find dependent libraries
	at java.lang.ClassLoader$NativeLibrary.load(Native Method)
	at java.lang.ClassLoader.loadLibrary0(ClassLoader.java:1941)
	at java.lang.ClassLoader.loadLibrary(ClassLoader.java:1845)
	at java.lang.Runtime.loadLibrary0(Runtime.java:870)
	at java.lang.System.loadLibrary(System.java:1122)
	at org.bytedeco.javacpp.Loader.loadLibrary(Loader.java:535)
	at org.bytedeco.javacpp.Loader.load(Loader.java:410)
	at org.bytedeco.javacpp.Loader.load(Loader.java:353)
	at org.bytedeco.javacpp.opencv_core.<clinit>(opencv_core.java:10)
	at java.lang.Class.forName0(Native Method)
	at java.lang.Class.forName(Class.java:348)
	at org.bytedeco.javacpp.Loader.load(Loader.java:385)
	at org.bytedeco.javacpp.Loader.load(Loader.java:353)
	at org.bytedeco.javacpp.helper.opencv_core$AbstractArray.<clinit>(opencv_core.java:126)
	at org.sikuli.core.cv.ImagePreprocessor.createGrayscale(ImagePreprocessor.java:43)
	at org.sikuli.core.search.TemplateMatcher.findMatchesByGrayscaleAtOriginalResolution(TemplateMatcher.java:71)
	at org.sikuli.api.ImageTarget.getUnorderedMatches(ImageTarget.java:127)
	at org.sikuli.api.DefaultTarget.doFindAll(DefaultTarget.java:128)
	at org.sikuli.api.DefaultScreenRegion._find(DefaultScreenRegion.java:88)
	at org.sikuli.api.DefaultScreenRegion.find(DefaultScreenRegion.java:80)
	at demo.sikuli1.demoSikuli(sikuli1.java:54)
	at sun.reflect.NativeMethodAccessorImpl.invoke0(Native Method)
	at sun.reflect.NativeMethodAccessorImpl.invoke(NativeMethodAccessorImpl.java:62)
	at sun.reflect.DelegatingMethodAccessorImpl.invoke(DelegatingMethodAccessorImpl.java:43)
	at java.lang.reflect.Method.invoke(Method.java:498)
	at org.testng.internal.MethodInvocationHelper.invokeMethod(MethodInvocationHelper.java:100)
	at org.testng.internal.Invoker.invokeMethod(Invoker.java:646)
	at org.testng.internal.Invoker.invokeTestMethod(Invoker.java:811)
	at org.testng.internal.Invoker.invokeTestMethods(Invoker.java:1129)
	at org.testng.internal.TestMethodWorker.invokeTestMethods(TestMethodWorker.java:129)
	at org.testng.internal.TestMethodWorker.run(TestMethodWorker.java:112)
	at java.util.concurrent.ThreadPoolExecutor.runWorker(ThreadPoolExecutor.java:1142)
	at java.util.concurrent.ThreadPoolExecutor$Worker.run(ThreadPoolExecutor.java:617)
	at java.lang.Thread.run(Thread.java:745)
Caused by: java.lang.UnsatisfiedLinkError: C:\Users\dmhuy\AppData\Local\Temp\javacpp699481074988494\jniopencv_core.dll: Can't find dependent libraries
	at java.lang.ClassLoader$NativeLibrary.load(Native Method)
	at java.lang.ClassLoader.loadLibrary0(ClassLoader.java:1941)
	at java.lang.ClassLoader.loadLibrary(ClassLoader.java:1824)
	at java.lang.Runtime.load0(Runtime.java:809)
	at java.lang.System.load(System.java:1086)
	at org.bytedeco.javacpp.Loader.loadLibrary(Loader.java:524)
	... 28 more
]]>
    </error>
  </testcase> <!-- demoSikuli -->
</testsuite> <!-- demo.sikuli1 -->
