<?xml version="1.0" encoding="UTF-8"?>
<!-- Generated by org.testng.reporters.JUnitReportReporter -->
<testsuite hostname="dnnvu" name="demo.myDemoSendMail" tests="1" failures="0" timestamp="8 May 2017 07:29:42 GMT" time="51.986" errors="0">
  <testcase name="myDemoSendEmail" time="51.986" classname="demo.myDemoSendMail"/>
</testsuite> <!-- demo.myDemoSendMail -->
