<?xml version="1.0" encoding="UTF-8"?>
<!-- Generated by org.testng.reporters.JUnitReportReporter -->
<testsuite hostname="dnnvu" name="demo.myDemoCheckMail" tests="1" failures="0" timestamp="8 May 2017 07:29:42 GMT" time="18.607" errors="0">
  <testcase name="myDemoCheckEmail" time="18.607" classname="demo.myDemoCheckMail"/>
</testsuite> <!-- demo.myDemoCheckMail -->
