<?xml version="1.0" encoding="UTF-8"?>
<!-- Generated by org.testng.reporters.JUnitReportReporter -->
<testsuite hostname="dmhuy" name="demo.GoogleSearch" tests="1" failures="0" timestamp="10 May 2017 03:11:48 GMT" time="25.090" errors="0">
  <testcase name="googleCheeseExample" time="25.090" classname="demo.GoogleSearch"/>
</testsuite> <!-- demo.GoogleSearch -->
