<?xml version="1.0" encoding="UTF-8"?>
<!-- Generated by org.testng.reporters.JUnitReportReporter -->
<testsuite hostname="dmhuy" name="Genband.VNFM.testcases.TC_001_demoVNFM" tests="1" failures="0" timestamp="5 Apr 2017 10:56:54 GMT" time="91.717" errors="0">
  <testcase name="demoVNFM" time="91.717" classname="Genband.VNFM.testcases.TC_001_demoVNFM"/>
</testsuite> <!-- Genband.VNFM.testcases.TC_001_demoVNFM -->
