<?xml version="1.0" encoding="UTF-8"?>
<!-- Generated by org.testng.reporters.JUnitReportReporter -->
<testsuite hostname="dnnvu" name="demo.myDemo" tests="1" failures="0" timestamp="4 May 2017 07:04:04 GMT" time="31.935" errors="0">
  <testcase name="myDemoEmail" time="31.935" classname="demo.myDemo"/>
</testsuite> <!-- demo.myDemo -->
