<?xml version="1.0" encoding="UTF-8"?>
<testsuite xmlns:xsi="http://www.w3.org/2001/XMLSchema-instance" xsi:schemaLocation="https://maven.apache.org/surefire/maven-surefire-plugin/xsd/surefire-test-report.xsd" name="TestSuite" time="6.522" tests="2" errors="0" skipped="0" failures="1">
  <properties>
    <property name="java.runtime.name" value="Java(TM) SE Runtime Environment"/>
    <property name="sun.boot.library.path" value="C:\Program Files\Java\jdk1.8.0_112\jre\bin"/>
    <property name="java.vm.version" value="25.112-b15"/>
    <property name="browser" value="API"/>
    <property name="java.vm.vendor" value="Oracle Corporation"/>
    <property name="maven.multiModuleProjectDirectory" value="D:\TA\automationFW\myinstall\automationFW\eclipse\${workspace_loc:\maven-template}"/>
    <property name="java.vendor.url" value="http://java.oracle.com/"/>
    <property name="path.separator" value=";"/>
    <property name="guice.disable.misplaced.annotation.check" value="true"/>
    <property name="java.vm.name" value="Java HotSpot(TM) 64-Bit Server VM"/>
    <property name="file.encoding.pkg" value="sun.io"/>
    <property name="user.script" value=""/>
    <property name="user.country" value="US"/>
    <property name="sun.java.launcher" value="SUN_STANDARD"/>
    <property name="sun.os.patch.level" value="Service Pack 1"/>
    <property name="retryOnFail" value="0"/>
    <property name="java.vm.specification.name" value="Java Virtual Machine Specification"/>
    <property name="user.dir" value="D:\TA\automationFW\myinstall\automationFW\workspace\SeleniumMaven"/>
    <property name="java.runtime.version" value="1.8.0_112-b15"/>
    <property name="java.awt.graphicsenv" value="sun.awt.Win32GraphicsEnvironment"/>
    <property name="java.endorsed.dirs" value="C:\Program Files\Java\jdk1.8.0_112\jre\lib\endorsed"/>
    <property name="os.arch" value="amd64"/>
    <property name="java.io.tmpdir" value="C:\Users\dmhuy\AppData\Local\Temp\"/>
    <property name="proxyPort" value="8080"/>
    <property name="line.separator" value="&#10;"/>
    <property name="java.vm.specification.vendor" value="Oracle Corporation"/>
    <property name="user.variant" value=""/>
    <property name="os.name" value="Windows 7"/>
    <property name="classworlds.conf" value="D:\TA\automationFW\myinstall\.metadata\.plugins\org.eclipse.m2e.launching\launches\m2conf8190689548476874239.tmp"/>
    <property name="sun.jnu.encoding" value="Cp1252"/>
    <property name="java.library.path" value="C:\Program Files\Java\jdk1.8.0_112\bin;C:\Windows\Sun\Java\bin;C:\Windows\system32;C:\Windows;C:/Program Files/Java/jdk1.8.0_112/bin/../jre/bin/server;C:/Program Files/Java/jdk1.8.0_112/bin/../jre/bin;C:/Program Files/Java/jdk1.8.0_112/bin/../jre/lib/amd64;C:\Program Files (x86)\Intel\iCLS Client\;C:\Program Files\Intel\iCLS Client\;C:\Windows\system32;C:\Windows;C:\Windows\System32\Wbem;C:\Windows\System32\WindowsPowerShell\v1.0\;C:\Program Files\Intel\Intel(R) Management Engine Components\DAL;C:\Program Files (x86)\Intel\Intel(R) Management Engine Components\DAL;C:\Program Files\Intel\Intel(R) Management Engine Components\IPT;C:\Program Files (x86)\Intel\Intel(R) Management Engine Components\IPT;C:\Program Files\TortoiseSVN\bin;C:\Program Files\nodejs\;C:\Program Files\Java\jdk1.8.0_112\bin;C:\HashiCorp\Vagrant\bin;D:\Soft\Maven\apache-maven-3.3.9\bin;C:\Program Files (x86)\Skype\Phone\; D:\Soft\opencv\build\x64\vc14\bin;C:\Program Files\MATLAB\R2017a\bin;C:\Users\dmhuy\AppData\Roaming\npm;C:\Ruby23-x64\bin;D:\Soft\Automation\android\android-sdk-windows\tools;D:\Soft\Automation\android\android-sdk-windows\platform-tools;C:\Program Files\Java\jdk1.8.0_112\bin; D:\Soft\opencv\build\x64\vc14\bin;D:\TA\automationFW\myinstall\automationFW\eclipse;;."/>
    <property name="http.proxyPort" value="8080"/>
    <property name="suite" value="demoAPI"/>
    <property name="java.specification.name" value="Java Platform API Specification"/>
    <property name="java.class.version" value="52.0"/>
    <property name="sun.management.compiler" value="HotSpot 64-Bit Tiered Compilers"/>
    <property name="os.version" value="6.1"/>
    <property name="user.home" value="C:\Users\dmhuy"/>
    <property name="user.timezone" value="Asia/Bangkok"/>
    <property name="java.awt.printerjob" value="sun.awt.windows.WPrinterJob"/>
    <property name="java.specification.version" value="1.8"/>
    <property name="file.encoding" value="Cp1252"/>
    <property name="user.name" value="dmhuy"/>
    <property name="java.class.path" value="/D:/TA/automationFW/myinstall/automationFW/eclipse/plugins/org.eclipse.m2e.maven.runtime_1.6.2.20150902-0001/jars/plexus-classworlds-2.5.2.jar"/>
    <property name="proxyHost" value="10.10.10.10"/>
    <property name="java.vm.specification.version" value="1.8"/>
    <property name="sun.arch.data.model" value="64"/>
    <property name="java.home" value="C:\Program Files\Java\jdk1.8.0_112\jre"/>
    <property name="sun.java.command" value="org.codehaus.plexus.classworlds.launcher.Launcher -Dbrowser=API -DretryOnFail=0 -DproxyEnabled=false -DproxyHost=10.10.10.10 -DproxyPort=8080 -Dsuite=demoAPI -B verify"/>
    <property name="java.specification.vendor" value="Oracle Corporation"/>
    <property name="user.language" value="en"/>
    <property name="awt.toolkit" value="sun.awt.windows.WToolkit"/>
    <property name="java.vm.info" value="mixed mode"/>
    <property name="java.version" value="1.8.0_112"/>
    <property name="java.ext.dirs" value="C:\Program Files\Java\jdk1.8.0_112\jre\lib\ext;C:\Windows\Sun\Java\lib\ext"/>
    <property name="sun.boot.class.path" value="C:\Program Files\Java\jdk1.8.0_112\jre\lib\resources.jar;C:\Program Files\Java\jdk1.8.0_112\jre\lib\rt.jar;C:\Program Files\Java\jdk1.8.0_112\jre\lib\sunrsasign.jar;C:\Program Files\Java\jdk1.8.0_112\jre\lib\jsse.jar;C:\Program Files\Java\jdk1.8.0_112\jre\lib\jce.jar;C:\Program Files\Java\jdk1.8.0_112\jre\lib\charsets.jar;C:\Program Files\Java\jdk1.8.0_112\jre\lib\jfr.jar;C:\Program Files\Java\jdk1.8.0_112\jre\classes"/>
    <property name="http.proxyHost" value="10.10.10.10"/>
    <property name="java.vendor" value="Oracle Corporation"/>
    <property name="maven.home" value="D:\TA\automationFW\myinstall\automationFW\workspace\SeleniumMaven\EMBEDDED"/>
    <property name="file.separator" value="\"/>
    <property name="java.vendor.url.bug" value="http://bugreport.sun.com/bugreport/"/>
    <property name="proxyEnabled" value="false"/>
    <property name="sun.cpu.endian" value="little"/>
    <property name="sun.io.unicode.encoding" value="UnicodeLittle"/>
    <property name="sun.desktop" value="windows"/>
    <property name="sun.cpu.isalist" value="amd64"/>
  </properties>
  <testcase name="API" classname="restDemo.RestAPI" time="4.097"/>
  <testcase name="API" classname="restDemo.RestAPI" time="0.554">
    <failure message="expected [true] but found [false]" type="java.lang.AssertionError">java.lang.AssertionError: expected [true] but found [false]
	at restDemo.RestAPI.API(RestAPI.java:261)
</failure>
    <system-out><![CDATA[2017-05-12 15:01:06 [pool-2-thread-1] INFO  TestResultListener - Test 'RestAPI:API' PASSED
2017-05-12 15:01:06 [pool-2-thread-1] INFO  TestResultListener - Started test 'RestAPI:API'
2017-05-12 15:01:06 [pool-2-thread-1] INFO  API Test - *****************Start TC: 3*********************************
2017-05-12 15:01:06 [pool-2-thread-1] INFO  API Test - METHOD: GET
http://restcountries.eu/rest/v1/name/thailand
2017-05-12 15:01:06 [pool-2-thread-1] INFO  API Test - URL: http://restcountries.eu/rest/v1/name/thailand
2017-05-12 15:01:07 [pool-2-thread-1] INFO  API Test - RETURN: [{"name":"Thailand","topLevelDomain":[".th"],"alpha2Code":"TH","alpha3Code":"THA","callingCodes":["66"],"capital":"Bangkok","altSpellings":["TH","Prathet","Thai","Kingdom of Thailand","??????????????","Ratcha Anachak Thai"],"relevance":"0","region":"Asia","subregion":"South-Eastern Asia","population":65104000,"latlng":[15.0,100.0],"demonym":"Thai","area":513120.0,"gini":40.0,"timezones":["UTC+07:00"],"borders":["MMR","KHM","LAO","MYS"],"nativeName":"?????????","numericCode":"764","currencies":["THB"],"languages":["th"],"translations":{"de":"Thailand","es":"Tailandia","fr":"ThaÃ¯lande","ja":"??","it":"Tailandia"}}]
2017-05-12 15:01:07 [pool-2-thread-1] INFO  API Test - 200
2017-05-12 15:01:07 [pool-2-thread-1] INFO  API Test - Response contains : name
2017-05-12 15:01:07 [pool-2-thread-1] INFO  API Test - Response contains : capital
2017-05-12 15:01:07 [pool-2-thread-1] INFO  API Test - Response contains : region
2017-05-12 15:01:07 [pool-2-thread-1] ERROR API Test - Response doesn't contain : Hanoi
]]></system-out>
  </testcase>
</testsuite>