<?xml version="1.0" encoding="UTF-8"?>
<!-- Generated by org.testng.reporters.JUnitReportReporter -->
<testsuite hostname="dnnvu" name="demo.Demo1" tests="1" failures="0" timestamp="23 May 2017 10:00:17 GMT" time="49.169" errors="1">
  <testcase name="googleCheeseExample" time="49.169" classname="demo.Demo1">
    <error type="org.openqa.selenium.WebDriverException" message="Unable to connect to host 127.0.0.1 on port 7055 after 45000 ms. Firefox console output:
&quot;name&quot;:&quot;Default&quot;,&quot;description&quot;:&quot;The default theme.&quot;,&quot;creator&quot;:&quot;Mozilla&quot;,&quot;homepageURL&quot;:null,&quot;contributors&quot;:[&quot;Mozilla Contributors&quot;]},&quot;visible&quot;:true,&quot;active&quot;:true,&quot;userDisabled&quot;:false,&quot;appDisabled&quot;:false,&quot;descriptor&quot;:&quot;C:\\Program Files\\Mozilla Firefox\\browser\\extensions\\{972ce4c6-7e08-4474-a285-3208198ce6fd}.xpi&quot;,&quot;installDate&quot;:1495506151155,&quot;updateDate&quot;:1495506151155,&quot;applyBackgroundUpdates&quot;:1,&quot;skinnable&quot;:true,&quot;size&quot;:8207,&quot;sourceURI&quot;:null,&quot;releaseNotesURI&quot;:null,&quot;softDisabled&quot;:false,&quot;foreignInstall&quot;:false,&quot;hasBinaryComponents&quot;:false,&quot;strictCompatibility&quot;:true,&quot;locales&quot;:[],&quot;targetApplications&quot;:[{&quot;id&quot;:&quot;{ec8030f7-c20a-464f-9b0e-13a3a9e97384}&quot;,&quot;minVersion&quot;:&quot;53.0.3&quot;,&quot;maxVersion&quot;:&quot;53.0.3&quot;}],&quot;targetPlatforms&quot;:[],&quot;seen&quot;:true,&quot;dependencies&quot;:[],&quot;hasEmbeddedWebExtension&quot;:false,&quot;userPermissions&quot;:null}
1495508478178	addons.xpi	DEBUG	getModTime: Recursive scan of {972ce4c6-7e08-4474-a285-3208198ce6fd}
1495508478179	DeferredSave.extensions.json	DEBUG	Save changes
1495508478179	addons.xpi	DEBUG	Updating database with changes to installed add-ons
1495508478179	addons.xpi-utils	DEBUG	Updating add-on states
1495508478181	addons.xpi-utils	DEBUG	Writing add-ons list
1495508478184	addons.xpi	DEBUG	Registering manifest for C:\Program Files\Mozilla Firefox\browser\features\aushelper@mozilla.org.xpi
1495508478185	addons.xpi	DEBUG	Calling bootstrap method startup on aushelper@mozilla.org version 2.0
1495508478187	addons.xpi	DEBUG	Registering manifest for C:\Program Files\Mozilla Firefox\browser\features\e10srollout@mozilla.org.xpi
1495508478188	addons.xpi	DEBUG	Calling bootstrap method startup on e10srollout@mozilla.org version 1.14
1495508478189	addons.xpi	DEBUG	Registering manifest for C:\Program Files\Mozilla Firefox\browser\features\firefox@getpocket.com.xpi
1495508478191	addons.xpi	DEBUG	Calling bootstrap method startup on firefox@getpocket.com version 1.0.5
1495508478193	addons.xpi	DEBUG	Registering manifest for C:\Program Files\Mozilla Firefox\browser\features\webcompat@mozilla.org.xpi
1495508478193	addons.xpi	DEBUG	Calling bootstrap method startup on webcompat@mozilla.org version 1.0
1495508478197	addons.manager	DEBUG	Registering shutdown blocker for XPIProvider
1495508478199	addons.manager	DEBUG	Provider finished startup: XPIProvider
1495508478200	addons.manager	DEBUG	Starting provider: LightweightThemeManager
1495508478201	addons.manager	DEBUG	Registering shutdown blocker for LightweightThemeManager
1495508478201	addons.manager	DEBUG	Provider finished startup: LightweightThemeManager
1495508478202	addons.manager	DEBUG	Starting provider: GMPProvider
1495508478208	addons.manager	DEBUG	Registering shutdown blocker for GMPProvider
1495508478208	addons.manager	DEBUG	Provider finished startup: GMPProvider
1495508478208	addons.manager	DEBUG	Starting provider: PluginProvider
1495508478209	addons.manager	DEBUG	Registering shutdown blocker for PluginProvider
1495508478209	addons.manager	DEBUG	Provider finished startup: PluginProvider
1495508478210	addons.manager	DEBUG	Completed startup sequence
1495508480254	DeferredSave.extensions.json	DEBUG	Starting write
1495508480264	addons.manager	DEBUG	Starting provider: &lt;unnamed-provider&gt;
1495508480264	addons.manager	DEBUG	Registering shutdown blocker for &lt;unnamed-provider&gt;
1495508480264	addons.manager	DEBUG	Provider finished startup: &lt;unnamed-provider&gt;
1495508480659	addons.repository	DEBUG	No addons.json found.
1495508480660	DeferredSave.addons.json	DEBUG	Save changes
1495508480665	DeferredSave.addons.json	DEBUG	Starting timer
1495508480725	addons.manager	DEBUG	Starting provider: PreviousExperimentProvider
1495508480725	addons.manager	DEBUG	Registering shutdown blocker for PreviousExperimentProvider
1495508480726	addons.manager	DEBUG	Provider finished startup: PreviousExperimentProvider
1495508480734	DeferredSave.extensions.json	DEBUG	Write succeeded
1495508480736	addons.xpi-utils	DEBUG	XPI Database saved, setting schema version preference to 19
1495508480738	DeferredSave.addons.json	DEBUG	Starting write
1495508480797	DeferredSave.addons.json	DEBUG	Write succeeded

Command duration or timeout: 48.22 seconds">
      <![CDATA[org.openqa.selenium.WebDriverException: Unable to connect to host 127.0.0.1 on port 7055 after 45000 ms. Firefox console output:
"name":"Default","description":"The default theme.","creator":"Mozilla","homepageURL":null,"contributors":["Mozilla Contributors"]},"visible":true,"active":true,"userDisabled":false,"appDisabled":false,"descriptor":"C:\\Program Files\\Mozilla Firefox\\browser\\extensions\\{972ce4c6-7e08-4474-a285-3208198ce6fd}.xpi","installDate":1495506151155,"updateDate":1495506151155,"applyBackgroundUpdates":1,"skinnable":true,"size":8207,"sourceURI":null,"releaseNotesURI":null,"softDisabled":false,"foreignInstall":false,"hasBinaryComponents":false,"strictCompatibility":true,"locales":[],"targetApplications":[{"id":"{ec8030f7-c20a-464f-9b0e-13a3a9e97384}","minVersion":"53.0.3","maxVersion":"53.0.3"}],"targetPlatforms":[],"seen":true,"dependencies":[],"hasEmbeddedWebExtension":false,"userPermissions":null}
1495508478178	addons.xpi	DEBUG	getModTime: Recursive scan of {972ce4c6-7e08-4474-a285-3208198ce6fd}
1495508478179	DeferredSave.extensions.json	DEBUG	Save changes
1495508478179	addons.xpi	DEBUG	Updating database with changes to installed add-ons
1495508478179	addons.xpi-utils	DEBUG	Updating add-on states
1495508478181	addons.xpi-utils	DEBUG	Writing add-ons list
1495508478184	addons.xpi	DEBUG	Registering manifest for C:\Program Files\Mozilla Firefox\browser\features\aushelper@mozilla.org.xpi
1495508478185	addons.xpi	DEBUG	Calling bootstrap method startup on aushelper@mozilla.org version 2.0
1495508478187	addons.xpi	DEBUG	Registering manifest for C:\Program Files\Mozilla Firefox\browser\features\e10srollout@mozilla.org.xpi
1495508478188	addons.xpi	DEBUG	Calling bootstrap method startup on e10srollout@mozilla.org version 1.14
1495508478189	addons.xpi	DEBUG	Registering manifest for C:\Program Files\Mozilla Firefox\browser\features\firefox@getpocket.com.xpi
1495508478191	addons.xpi	DEBUG	Calling bootstrap method startup on firefox@getpocket.com version 1.0.5
1495508478193	addons.xpi	DEBUG	Registering manifest for C:\Program Files\Mozilla Firefox\browser\features\webcompat@mozilla.org.xpi
1495508478193	addons.xpi	DEBUG	Calling bootstrap method startup on webcompat@mozilla.org version 1.0
1495508478197	addons.manager	DEBUG	Registering shutdown blocker for XPIProvider
1495508478199	addons.manager	DEBUG	Provider finished startup: XPIProvider
1495508478200	addons.manager	DEBUG	Starting provider: LightweightThemeManager
1495508478201	addons.manager	DEBUG	Registering shutdown blocker for LightweightThemeManager
1495508478201	addons.manager	DEBUG	Provider finished startup: LightweightThemeManager
1495508478202	addons.manager	DEBUG	Starting provider: GMPProvider
1495508478208	addons.manager	DEBUG	Registering shutdown blocker for GMPProvider
1495508478208	addons.manager	DEBUG	Provider finished startup: GMPProvider
1495508478208	addons.manager	DEBUG	Starting provider: PluginProvider
1495508478209	addons.manager	DEBUG	Registering shutdown blocker for PluginProvider
1495508478209	addons.manager	DEBUG	Provider finished startup: PluginProvider
1495508478210	addons.manager	DEBUG	Completed startup sequence
1495508480254	DeferredSave.extensions.json	DEBUG	Starting write
1495508480264	addons.manager	DEBUG	Starting provider: <unnamed-provider>
1495508480264	addons.manager	DEBUG	Registering shutdown blocker for <unnamed-provider>
1495508480264	addons.manager	DEBUG	Provider finished startup: <unnamed-provider>
1495508480659	addons.repository	DEBUG	No addons.json found.
1495508480660	DeferredSave.addons.json	DEBUG	Save changes
1495508480665	DeferredSave.addons.json	DEBUG	Starting timer
1495508480725	addons.manager	DEBUG	Starting provider: PreviousExperimentProvider
1495508480725	addons.manager	DEBUG	Registering shutdown blocker for PreviousExperimentProvider
1495508480726	addons.manager	DEBUG	Provider finished startup: PreviousExperimentProvider
1495508480734	DeferredSave.extensions.json	DEBUG	Write succeeded
1495508480736	addons.xpi-utils	DEBUG	XPI Database saved, setting schema version preference to 19
1495508480738	DeferredSave.addons.json	DEBUG	Starting write
1495508480797	DeferredSave.addons.json	DEBUG	Write succeeded

Command duration or timeout: 48.22 seconds
	at sun.reflect.NativeConstructorAccessorImpl.newInstance0(Native Method)
	at sun.reflect.NativeConstructorAccessorImpl.newInstance(NativeConstructorAccessorImpl.java:62)
	at sun.reflect.DelegatingConstructorAccessorImpl.newInstance(DelegatingConstructorAccessorImpl.java:45)
	at java.lang.reflect.Constructor.newInstance(Constructor.java:423)
	at org.openqa.selenium.remote.ErrorHandler.createThrowable(ErrorHandler.java:215)
	at org.openqa.selenium.remote.ErrorHandler.throwIfResponseFailed(ErrorHandler.java:167)
	at org.openqa.selenium.remote.JsonWireProtocolResponse.lambda$new$0(JsonWireProtocolResponse.java:53)
	at org.openqa.selenium.remote.JsonWireProtocolResponse.lambda$getResponseFunction$2(JsonWireProtocolResponse.java:91)
	at org.openqa.selenium.remote.ProtocolHandshake.lambda$createSession$22(ProtocolHandshake.java:365)
	at java.util.stream.ReferencePipeline$3$1.accept(ReferencePipeline.java:193)
	at java.util.Spliterators$ArraySpliterator.tryAdvance(Spliterators.java:958)
	at java.util.stream.ReferencePipeline.forEachWithCancel(ReferencePipeline.java:126)
	at java.util.stream.AbstractPipeline.copyIntoWithCancel(AbstractPipeline.java:498)
	at java.util.stream.AbstractPipeline.copyInto(AbstractPipeline.java:485)
	at java.util.stream.AbstractPipeline.wrapAndCopyInto(AbstractPipeline.java:471)
	at java.util.stream.FindOps$FindOp.evaluateSequential(FindOps.java:152)
	at java.util.stream.AbstractPipeline.evaluate(AbstractPipeline.java:234)
	at java.util.stream.ReferencePipeline.findFirst(ReferencePipeline.java:464)
	at org.openqa.selenium.remote.ProtocolHandshake.createSession(ProtocolHandshake.java:368)
	at org.openqa.selenium.remote.ProtocolHandshake.createSession(ProtocolHandshake.java:159)
	at org.openqa.selenium.remote.HttpCommandExecutor.execute(HttpCommandExecutor.java:142)
	at org.openqa.selenium.remote.RemoteWebDriver.execute(RemoteWebDriver.java:637)
	at org.openqa.selenium.remote.RemoteWebDriver.startSession(RemoteWebDriver.java:250)
	at org.openqa.selenium.remote.RemoteWebDriver.startSession(RemoteWebDriver.java:236)
	at org.openqa.selenium.remote.RemoteWebDriver.<init>(RemoteWebDriver.java:137)
	at org.openqa.selenium.remote.RemoteWebDriver.<init>(RemoteWebDriver.java:174)
	at automationCore.WebDriverThread.createRemoteDriver(WebDriverThread.java:83)
	at automationCore.WebDriverThread.createDriver(WebDriverThread.java:112)
	at automationCore.DriverFactory.getDriver(DriverFactory.java:29)
	at demo.Demo1.googleCheeseExample(Demo1.java:28)
	at sun.reflect.NativeMethodAccessorImpl.invoke0(Native Method)
	at sun.reflect.NativeMethodAccessorImpl.invoke(NativeMethodAccessorImpl.java:62)
	at sun.reflect.DelegatingMethodAccessorImpl.invoke(DelegatingMethodAccessorImpl.java:43)
	at java.lang.reflect.Method.invoke(Method.java:498)
	at org.testng.internal.MethodInvocationHelper.invokeMethod(MethodInvocationHelper.java:100)
	at org.testng.internal.Invoker.invokeMethod(Invoker.java:646)
	at org.testng.internal.Invoker.invokeTestMethod(Invoker.java:811)
	at org.testng.internal.Invoker.invokeTestMethods(Invoker.java:1129)
	at org.testng.internal.TestMethodWorker.invokeTestMethods(TestMethodWorker.java:129)
	at org.testng.internal.TestMethodWorker.run(TestMethodWorker.java:112)
	at java.util.concurrent.ThreadPoolExecutor.runWorker(ThreadPoolExecutor.java:1142)
	at java.util.concurrent.ThreadPoolExecutor$Worker.run(ThreadPoolExecutor.java:617)
	at java.lang.Thread.run(Thread.java:745)
Caused by: org.openqa.selenium.remote.ErrorHandler$UnknownServerException: Unable to connect to host 127.0.0.1 on port 7055 after 45000 ms. Firefox console output:
"name":"Default","description":"The default theme.","creator":"Mozilla","homepageURL":null,"contributors":["Mozilla Contributors"]},"visible":true,"active":true,"userDisabled":false,"appDisabled":false,"descriptor":"C:\\Program Files\\Mozilla Firefox\\browser\\extensions\\{972ce4c6-7e08-4474-a285-3208198ce6fd}.xpi","installDate":1495506151155,"updateDate":1495506151155,"applyBackgroundUpdates":1,"skinnable":true,"size":8207,"sourceURI":null,"releaseNotesURI":null,"softDisabled":false,"foreignInstall":false,"hasBinaryComponents":false,"strictCompatibility":true,"locales":[],"targetApplications":[{"id":"{ec8030f7-c20a-464f-9b0e-13a3a9e97384}","minVersion":"53.0.3","maxVersion":"53.0.3"}],"targetPlatforms":[],"seen":true,"dependencies":[],"hasEmbeddedWebExtension":false,"userPermissions":null}
1495508478178	addons.xpi	DEBUG	getModTime: Recursive scan of {972ce4c6-7e08-4474-a285-3208198ce6fd}
1495508478179	DeferredSave.extensions.json	DEBUG	Save changes
1495508478179	addons.xpi	DEBUG	Updating database with changes to installed add-ons
1495508478179	addons.xpi-utils	DEBUG	Updating add-on states
1495508478181	addons.xpi-utils	DEBUG	Writing add-ons list
1495508478184	addons.xpi	DEBUG	Registering manifest for C:\Program Files\Mozilla Firefox\browser\features\aushelper@mozilla.org.xpi
1495508478185	addons.xpi	DEBUG	Calling bootstrap method startup on aushelper@mozilla.org version 2.0
1495508478187	addons.xpi	DEBUG	Registering manifest for C:\Program Files\Mozilla Firefox\browser\features\e10srollout@mozilla.org.xpi
1495508478188	addons.xpi	DEBUG	Calling bootstrap method startup on e10srollout@mozilla.org version 1.14
1495508478189	addons.xpi	DEBUG	Registering manifest for C:\Program Files\Mozilla Firefox\browser\features\firefox@getpocket.com.xpi
1495508478191	addons.xpi	DEBUG	Calling bootstrap method startup on firefox@getpocket.com version 1.0.5
1495508478193	addons.xpi	DEBUG	Registering manifest for C:\Program Files\Mozilla Firefox\browser\features\webcompat@mozilla.org.xpi
1495508478193	addons.xpi	DEBUG	Calling bootstrap method startup on webcompat@mozilla.org version 1.0
1495508478197	addons.manager	DEBUG	Registering shutdown blocker for XPIProvider
1495508478199	addons.manager	DEBUG	Provider finished startup: XPIProvider
1495508478200	addons.manager	DEBUG	Starting provider: LightweightThemeManager
1495508478201	addons.manager	DEBUG	Registering shutdown blocker for LightweightThemeManager
1495508478201	addons.manager	DEBUG	Provider finished startup: LightweightThemeManager
1495508478202	addons.manager	DEBUG	Starting provider: GMPProvider
1495508478208	addons.manager	DEBUG	Registering shutdown blocker for GMPProvider
1495508478208	addons.manager	DEBUG	Provider finished startup: GMPProvider
1495508478208	addons.manager	DEBUG	Starting provider: PluginProvider
1495508478209	addons.manager	DEBUG	Registering shutdown blocker for PluginProvider
1495508478209	addons.manager	DEBUG	Provider finished startup: PluginProvider
1495508478210	addons.manager	DEBUG	Completed startup sequence
1495508480254	DeferredSave.extensions.json	DEBUG	Starting write
1495508480264	addons.manager	DEBUG	Starting provider: <unnamed-provider>
1495508480264	addons.manager	DEBUG	Registering shutdown blocker for <unnamed-provider>
1495508480264	addons.manager	DEBUG	Provider finished startup: <unnamed-provider>
1495508480659	addons.repository	DEBUG	No addons.json found.
1495508480660	DeferredSave.addons.json	DEBUG	Save changes
1495508480665	DeferredSave.addons.json	DEBUG	Starting timer
1495508480725	addons.manager	DEBUG	Starting provider: PreviousExperimentProvider
1495508480725	addons.manager	DEBUG	Registering shutdown blocker for PreviousExperimentProvider
1495508480726	addons.manager	DEBUG	Provider finished startup: PreviousExperimentProvider
1495508480734	DeferredSave.extensions.json	DEBUG	Write succeeded
1495508480736	addons.xpi-utils	DEBUG	XPI Database saved, setting schema version preference to 19
1495508480738	DeferredSave.addons.json	DEBUG	Starting write
1495508480797	DeferredSave.addons.json	DEBUG	Write succeeded

Build info: version: '3.4.0', revision: 'unknown', time: 'unknown'
System info: host: 'DNNVU', ip: '169.254.140.181', os.name: 'Windows 7', os.arch: 'amd64', os.version: '6.1', java.version: '1.8.0_121'
Driver info: driver.version: FirefoxDriver
	at org.openqa.selenium.firefox.internal.NewProfileExtensionConnection.start(NewProfileExtensionConnection.java:112)
	at org.openqa.selenium.firefox.FirefoxDriver.startClient(FirefoxDriver.java:271)
	at org.openqa.selenium.remote.RemoteWebDriver.<init>(RemoteWebDriver.java:119)
	at org.openqa.selenium.firefox.FirefoxDriver.<init>(FirefoxDriver.java:218)
	at org.openqa.selenium.firefox.FirefoxDriver.<init>(FirefoxDriver.java:211)
	at org.openqa.selenium.firefox.FirefoxDriver.<init>(FirefoxDriver.java:129)
	at sun.reflect.NativeConstructorAccessorImpl.newInstance0(Native Method)
	at sun.reflect.NativeConstructorAccessorImpl.newInstance(Unknown Source)
	at sun.reflect.DelegatingConstructorAccessorImpl.newInstance(Unknown Source)
	at java.lang.reflect.Constructor.newInstance(Unknown Source)
	at org.openqa.selenium.remote.server.FirefoxDriverProvider.callConstructor(FirefoxDriverProvider.java:91)
	at org.openqa.selenium.remote.server.FirefoxDriverProvider.newInstance(FirefoxDriverProvider.java:68)
	at org.openqa.selenium.remote.server.DefaultDriverFactory.newInstance(DefaultDriverFactory.java:60)
	at org.openqa.selenium.remote.server.DefaultSession$BrowserCreator.call(DefaultSession.java:222)
	at org.openqa.selenium.remote.server.DefaultSession$BrowserCreator.call(DefaultSession.java:1)
	at java.util.concurrent.FutureTask.run(Unknown Source)
	at org.openqa.selenium.remote.server.DefaultSession$1.run(DefaultSession.java:176)
	at java.util.concurrent.ThreadPoolExecutor.runWorker(Unknown Source)
	at java.util.concurrent.ThreadPoolExecutor$Worker.run(Unknown Source)
	at java.lang.Thread.run(Unknown Source)
]]>
    </error>
  </testcase> <!-- googleCheeseExample -->
</testsuite> <!-- demo.Demo1 -->
