<?xml version="1.0" encoding="UTF-8"?>
<!-- Generated by org.testng.reporters.JUnitReportReporter -->
<testsuite hostname="dmhuy" name="demo.Demo1" tests="1" failures="0" timestamp="12 May 2017 07:45:09 GMT" time="41.249" errors="0">
  <testcase name="googleCheeseExample" time="41.249" classname="demo.Demo1"/>
</testsuite> <!-- demo.Demo1 -->
