<?xml version="1.0" encoding="UTF-8"?>
<testsuite name="demo2.SoapUI_Demo1" tests="2" failures="1" errors="0" time="1.379"><properties><property name="java.runtime.name" value="Java(TM) SE Runtime Environment"/><property name="sun.boot.library.path" value="C:\Program Files\Java\jdk1.7.0_55\jre\bin"/><property name="java.vm.version" value="24.55-b03"/><property name="maven.multiModuleProjectDirectory" value="F:\TEST\Test6\eclipse\eclipse\${workspace_loc:\maven-template}"/><property name="java.vm.vendor" value="Oracle Corporation"/><property name="java.vendor.url" value="http://java.oracle.com/"/><property name="guice.disable.misplaced.annotation.check" value="true"/><property name="path.separator" value=";"/><property name="java.vm.name" value="Java HotSpot(TM) Client VM"/><property name="file.encoding.pkg" value="sun.io"/><property name="user.country" value="US"/><property name="user.script" value=""/><property name="sun.java.launcher" value="SUN_STANDARD"/><property name="sun.os.patch.level" value="Service Pack 1"/><property name="java.vm.specification.name" value="Java Virtual Machine Specification"/><property name="user.dir" value="F:\TEST\Test6\workspace\AutomationF"/><property name="java.runtime.version" value="1.7.0_55-b13"/><property name="java.awt.graphicsenv" value="sun.awt.Win32GraphicsEnvironment"/><property name="java.endorsed.dirs" value="C:\Program Files\Java\jdk1.7.0_55\jre\lib\endorsed"/><property name="os.arch" value="x86"/><property name="java.io.tmpdir" value="C:\Users\dmhuy\AppData\Local\Temp\"/><property name="line.separator" value="
"/><property name="java.vm.specification.vendor" value="Oracle Corporation"/><property name="user.variant" value=""/><property name="os.name" value="Windows 7"/><property name="classworlds.conf" value="C:\Users\dmhuy\workspace\.metadata\.plugins\org.eclipse.m2e.launching\launches\m2conf5606718082743511516.tmp"/><property name="sun.jnu.encoding" value="Cp1252"/><property name="java.library.path" value="C:\Program Files\Java\jdk1.7.0_55\bin;C:\Windows\Sun\Java\bin;C:\Windows\system32;C:\Windows;F:\soft\apache-ant-1.9.6-bin\apache-ant-1.9.6\bin;C:\Program Files\Common Files\NetSarang;C:\Program Files\Intel\iCLS Client\;C:\Windows\system32;C:\Windows;C:\Windows\System32\Wbem;C:\Windows\System32\WindowsPowerShell\v1.0\;C:\Program Files\Intel\Intel(R) Management Engine Components\DAL;C:\Program Files\Intel\Intel(R) Management Engine Components\IPT;C:\Program Files\TortoiseSVN\bin;C:\Program Files\nodejs\;C:\HashiCorp\Vagrant\bin;F:\python\Scripts\;F:\python\;C:\Users\dmhuy\AppData\Local\Programs\Python\Launcher\;F:\soft\apache-ant-1.9.6-bin\apache-ant-1.9.6\bin;C:\Program Files\Java\jdk1.7.0_51\bin;F:\Android\tools;F:\Android\platform-tools;%M2HOME\bin;F:\Automation\apache-maven-3.3.9-bin\apache-maven-3.3.9\bin;;."/><property name="sun.awt.enableExtraMouseButtons" value="true"/><property name="java.specification.name" value="Java Platform API Specification"/><property name="java.class.version" value="51.0"/><property name="sun.management.compiler" value="HotSpot Client Compiler"/><property name="os.version" value="6.1"/><property name="user.home" value="C:\Users\dmhuy"/><property name="user.timezone" value="Asia/Bangkok"/><property name="java.awt.printerjob" value="sun.awt.windows.WPrinterJob"/><property name="file.encoding" value="Cp1252"/><property name="java.specification.version" value="1.7"/><property name="SoapTestName" value="demo2-soapui-project"/><property name="java.class.path" value="/F:/TEST/Test6/eclipse/eclipse/plugins/org.eclipse.m2e.maven.runtime_1.6.2.20150902-0001/jars/plexus-classworlds-2.5.2.jar"/><property name="user.name" value="dmhuy"/><property name="java.vm.specification.version" value="1.7"/><property name="sun.java.command" value="org.codehaus.plexus.classworlds.launcher.Launcher -DSoapTestName=demo2-soapui-project -B verify"/><property name="java.home" value="C:\Program Files\Java\jdk1.7.0_55\jre"/><property name="sun.arch.data.model" value="32"/><property name="user.language" value="en"/><property name="java.specification.vendor" value="Oracle Corporation"/><property name="awt.toolkit" value="sun.awt.windows.WToolkit"/><property name="java.vm.info" value="mixed mode, sharing"/><property name="java.version" value="1.7.0_55"/><property name="java.ext.dirs" value="C:\Program Files\Java\jdk1.7.0_55\jre\lib\ext;C:\Windows\Sun\Java\lib\ext"/><property name="sun.boot.class.path" value="C:\Program Files\Java\jdk1.7.0_55\jre\lib\resources.jar;C:\Program Files\Java\jdk1.7.0_55\jre\lib\rt.jar;C:\Program Files\Java\jdk1.7.0_55\jre\lib\sunrsasign.jar;C:\Program Files\Java\jdk1.7.0_55\jre\lib\jsse.jar;C:\Program Files\Java\jdk1.7.0_55\jre\lib\jce.jar;C:\Program Files\Java\jdk1.7.0_55\jre\lib\charsets.jar;C:\Program Files\Java\jdk1.7.0_55\jre\lib\jfr.jar;C:\Program Files\Java\jdk1.7.0_55\jre\classes"/><property name="java.vendor" value="Oracle Corporation"/><property name="maven.home" value="F:\TEST\Test6\workspace\AutomationF\EMBEDDED"/><property name="file.separator" value="\"/><property name="java.vendor.url.bug" value="http://bugreport.sun.com/bugreport/"/><property name="sun.io.unicode.encoding" value="UnicodeLittle"/><property name="sun.cpu.endian" value="little"/><property name="sun.desktop" value="windows"/><property name="sun.cpu.isalist" value="pentium_pro+mmx pentium_pro pentium+mmx pentium i486 i386 i86"/></properties><testcase name="Demo1" time="0.878"/><testcase name="Demo2" time="0.501"><failure type="Cancelling due to failed test step" message="Cancelling due to failed test step"><![CDATA[<h3><b>CA_Code Failed</b></h3><pre>[Verify State] Missing token [<State>LA</State>] in Response
</pre><hr/>]]></failure></testcase></testsuite>