<?xml version="1.0" encoding="UTF-8"?>
<!-- Generated by org.testng.reporters.JUnitReportReporter -->
<testsuite hostname="dmhuy" name="demo.Demo1" tests="1" failures="0" timestamp="12 May 2017 07:47:39 GMT" time="37.334" errors="0">
  <testcase name="googleCheeseExample" time="37.334" classname="demo.Demo1"/>
</testsuite> <!-- demo.Demo1 -->
