<?xml version="1.0" encoding="UTF-8"?>
<!-- Generated by org.testng.reporters.JUnitReportReporter -->
<testsuite hostname="dmhuy" name="demo.Demo1" tests="1" failures="0" timestamp="18 May 2017 06:48:45 GMT" time="43.448" errors="0">
  <testcase name="googleCheeseExample" time="43.448" classname="demo.Demo1"/>
</testsuite> <!-- demo.Demo1 -->
