<?xml version="1.0" encoding="UTF-8"?>
<!-- Generated by org.testng.reporters.JUnitReportReporter -->
<testsuite hostname="dmhuy" name="demo.Demo1" tests="1" failures="0" timestamp="16 May 2017 04:22:35 GMT" time="41.098" errors="0">
  <testcase name="googleCheeseExample" time="41.098" classname="demo.Demo1"/>
</testsuite> <!-- demo.Demo1 -->
